<?xml version="1.0" encoding="UTF-8"?>
<!-- Generated by org.testng.reporters.JUnitXMLReporter -->
<testsuite ignored="0" hostname="DESKTOP-HILIOM4" failures="6" tests="7" name="Default test" time="41.487" errors="0" timestamp="2023-07-13T16:44:09 ICT">
  <testcase classname="automation.testsuite.DucTran.loginTest" name="LoginUnSS_not_Exist" time="3.11"/>
  <testcase classname="automation.testsuite.DucTran.loginTest" name="LoginUnSS_not_valid_password" time="0.027">
    <failure type="org.openqa.selenium.WebDriverException" message="Returned value cannot be converted to WebElement: {stacktrace=Backtrace:
	GetHandleVerifier [0x010E8893+48451]
	(No symbol) [0x0107B8A1]
	(No symbol) [0x00F84F20]
	(No symbol) [0x00FA7A42]
	(No symbol) [0x00FA8F2D]
	GetHandleVerifier [0x01348E3A+2540266]
	GetHandleVerifier [0x01388959+2801161]
	GetHandleVerifier [0x0138295C+2776588]
	GetHandleVerifier [0x01172280+612144]
	(No symbol) [0x01084F6C]
	(No symbol) [0x010811D8]
	(No symbol) [0x010812BB]
	(No symbol) [0x01074857]
	BaseThreadInitThunk [0x76306BA9+25]
	RtlGetFullPathName_UEx [0x779E8F9F+1215]
	RtlGetFullPathName_UEx [0x779E8F6D+1165]
, error=invalid session id, message=invalid session id}
Build info: version: &amp;apos;2.53.1&amp;apos;, revision: &amp;apos;a36b8b1cd5757287168e54b817830adce9b0158d&amp;apos;, time: &amp;apos;2016-06-30 19:26:09&amp;apos;
System info: host: &amp;apos;DESKTOP-HILIOM4&amp;apos;, ip: &amp;apos;192.168.0.110&amp;apos;, os.name: &amp;apos;Windows 11&amp;apos;, os.arch: &amp;apos;amd64&amp;apos;, os.version: &amp;apos;10.0&amp;apos;, java.version: &amp;apos;17.0.6&amp;apos;
Driver info: driver.version: RemoteWebDriver">
      <![CDATA[org.openqa.selenium.WebDriverException: Returned value cannot be converted to WebElement: {stacktrace=Backtrace:
GetHandleVerifier [0x010E8893+48451]
(No symbol) [0x0107B8A1]
(No symbol) [0x00F84F20]
(No symbol) [0x00FA7A42]
(No symbol) [0x00FA8F2D]
GetHandleVerifier [0x01348E3A+2540266]
GetHandleVerifier [0x01388959+2801161]
GetHandleVerifier [0x0138295C+2776588]
GetHandleVerifier [0x01172280+612144]
(No symbol) [0x01084F6C]
(No symbol) [0x010811D8]
(No symbol) [0x010812BB]
(No symbol) [0x01074857]
BaseThreadInitThunk [0x76306BA9+25]
RtlGetFullPathName_UEx [0x779E8F9F+1215]
RtlGetFullPathName_UEx [0x779E8F6D+1165]
, error=invalid session id, message=invalid session id}
Build info: version: '2.53.1', revision: 'a36b8b1cd5757287168e54b817830adce9b0158d', time: '2016-06-30 19:26:09'
System info: host: 'DESKTOP-HILIOM4', ip: '192.168.0.110', os.name: 'Windows 11', os.arch: 'amd64', os.version: '10.0', java.version: '17.0.6'
Driver info: driver.version: RemoteWebDriver
at org.openqa.selenium.remote.RemoteWebDriver.findElement(RemoteWebDriver.java:370)
at org.openqa.selenium.remote.RemoteWebDriver.findElementByXPath(RemoteWebDriver.java:500)
at org.openqa.selenium.By$ByXPath.findElement(By.java:361)
at org.openqa.selenium.remote.RemoteWebDriver.findElement(RemoteWebDriver.java:355)
at automation.pageLocatorDucTN.LoginPage.Login(LoginPage.java:31)
at automation.testsuite.DucTran.loginTest.LoginUnSS_not_valid_password(loginTest.java:72)
at java.base/jdk.internal.reflect.NativeMethodAccessorImpl.invoke0(Native Method)
at java.base/jdk.internal.reflect.NativeMethodAccessorImpl.invoke(NativeMethodAccessorImpl.java:77)
at java.base/jdk.internal.reflect.DelegatingMethodAccessorImpl.invoke(DelegatingMethodAccessorImpl.java:43)
at java.base/java.lang.reflect.Method.invoke(Method.java:568)
at org.testng.internal.MethodInvocationHelper.invokeMethod(MethodInvocationHelper.java:133)
at org.testng.internal.TestInvoker.invokeMethod(TestInvoker.java:598)
at org.testng.internal.TestInvoker.invokeTestMethod(TestInvoker.java:173)
at org.testng.internal.MethodRunner.runInSequence(MethodRunner.java:46)
at org.testng.internal.TestInvoker$MethodInvocationAgent.invoke(TestInvoker.java:824)
at org.testng.internal.TestInvoker.invokeTestMethods(TestInvoker.java:146)
at org.testng.internal.TestMethodWorker.invokeTestMethods(TestMethodWorker.java:146)
at org.testng.internal.TestMethodWorker.run(TestMethodWorker.java:128)
at java.base/java.util.ArrayList.forEach(ArrayList.java:1511)
at org.testng.TestRunner.privateRun(TestRunner.java:794)
at org.testng.TestRunner.run(TestRunner.java:596)
at org.testng.SuiteRunner.runTest(SuiteRunner.java:377)
at org.testng.SuiteRunner.runSequentially(SuiteRunner.java:371)
at org.testng.SuiteRunner.privateRun(SuiteRunner.java:332)
at org.testng.SuiteRunner.run(SuiteRunner.java:276)
at org.testng.SuiteRunnerWorker.runSuite(SuiteRunnerWorker.java:53)
at org.testng.SuiteRunnerWorker.run(SuiteRunnerWorker.java:96)
at org.testng.TestNG.runSuitesSequentially(TestNG.java:1212)
at org.testng.TestNG.runSuitesLocally(TestNG.java:1134)
at org.testng.TestNG.runSuites(TestNG.java:1063)
at org.testng.TestNG.run(TestNG.java:1031)
at org.testng.remote.AbstractRemoteTestNG.run(AbstractRemoteTestNG.java:115)
at org.testng.remote.RemoteTestNG.initAndRun(RemoteTestNG.java:251)
at org.testng.remote.RemoteTestNG.main(RemoteTestNG.java:77)
Caused by: java.lang.ClassCastException: class com.google.common.collect.Maps$TransformedEntriesMap cannot be cast to class org.openqa.selenium.WebElement (com.google.common.collect.Maps$TransformedEntriesMap and org.openqa.selenium.WebElement are in unnamed module of loader 'app')
at org.openqa.selenium.remote.RemoteWebDriver.findElement(RemoteWebDriver.java:368)
... 33 more
]]>
    </failure>
  </testcase> <!-- LoginUnSS_not_valid_password -->
  <testcase classname="automation.testsuite.DucTran.loginTest" name="LoginUnSS_not_valid_username" time="0.005">
    <failure type="org.openqa.selenium.WebDriverException" message="Returned value cannot be converted to WebElement: {stacktrace=Backtrace:
	GetHandleVerifier [0x010E8893+48451]
	(No symbol) [0x0107B8A1]
	(No symbol) [0x00F84F20]
	(No symbol) [0x00FA77AC]
	(No symbol) [0x00FCA1B6]
	(No symbol) [0x00FC6C2D]
	(No symbol) [0x00FC669A]
	(No symbol) [0x00F65301]
	(No symbol) [0x00F6570E]
	(No symbol) [0x00F65AEA]
	GetHandleVerifier [0x01348E3A+2540266]
	GetHandleVerifier [0x01388959+2801161]
	GetHandleVerifier [0x0138295C+2776588]
	GetHandleVerifier [0x01172280+612144]
	(No symbol) [0x01084F6C]
	(No symbol) [0x00F64F5A]
	(No symbol) [0x00F64959]
	GetHandleVerifier [0x013AFD7C+2961964]
	BaseThreadInitThunk [0x76306BA9+25]
	RtlGetFullPathName_UEx [0x779E8F9F+1215]
	RtlGetFullPathName_UEx [0x779E8F6D+1165]
, error=invalid session id, message=invalid session id}
Build info: version: &amp;apos;2.53.1&amp;apos;, revision: &amp;apos;a36b8b1cd5757287168e54b817830adce9b0158d&amp;apos;, time: &amp;apos;2016-06-30 19:26:09&amp;apos;
System info: host: &amp;apos;DESKTOP-HILIOM4&amp;apos;, ip: &amp;apos;192.168.0.110&amp;apos;, os.name: &amp;apos;Windows 11&amp;apos;, os.arch: &amp;apos;amd64&amp;apos;, os.version: &amp;apos;10.0&amp;apos;, java.version: &amp;apos;17.0.6&amp;apos;
Driver info: driver.version: RemoteWebDriver">
      <![CDATA[org.openqa.selenium.WebDriverException: Returned value cannot be converted to WebElement: {stacktrace=Backtrace:
GetHandleVerifier [0x010E8893+48451]
(No symbol) [0x0107B8A1]
(No symbol) [0x00F84F20]
(No symbol) [0x00FA77AC]
(No symbol) [0x00FCA1B6]
(No symbol) [0x00FC6C2D]
(No symbol) [0x00FC669A]
(No symbol) [0x00F65301]
(No symbol) [0x00F6570E]
(No symbol) [0x00F65AEA]
GetHandleVerifier [0x01348E3A+2540266]
GetHandleVerifier [0x01388959+2801161]
GetHandleVerifier [0x0138295C+2776588]
GetHandleVerifier [0x01172280+612144]
(No symbol) [0x01084F6C]
(No symbol) [0x00F64F5A]
(No symbol) [0x00F64959]
GetHandleVerifier [0x013AFD7C+2961964]
BaseThreadInitThunk [0x76306BA9+25]
RtlGetFullPathName_UEx [0x779E8F9F+1215]
RtlGetFullPathName_UEx [0x779E8F6D+1165]
, error=invalid session id, message=invalid session id}
Build info: version: '2.53.1', revision: 'a36b8b1cd5757287168e54b817830adce9b0158d', time: '2016-06-30 19:26:09'
System info: host: 'DESKTOP-HILIOM4', ip: '192.168.0.110', os.name: 'Windows 11', os.arch: 'amd64', os.version: '10.0', java.version: '17.0.6'
Driver info: driver.version: RemoteWebDriver
at org.openqa.selenium.remote.RemoteWebDriver.findElement(RemoteWebDriver.java:370)
at org.openqa.selenium.remote.RemoteWebDriver.findElementByXPath(RemoteWebDriver.java:500)
at org.openqa.selenium.By$ByXPath.findElement(By.java:361)
at org.openqa.selenium.remote.RemoteWebDriver.findElement(RemoteWebDriver.java:355)
at automation.pageLocatorDucTN.LoginPage.Login(LoginPage.java:31)
at automation.testsuite.DucTran.loginTest.LoginUnSS_not_valid_username(loginTest.java:46)
at java.base/jdk.internal.reflect.NativeMethodAccessorImpl.invoke0(Native Method)
at java.base/jdk.internal.reflect.NativeMethodAccessorImpl.invoke(NativeMethodAccessorImpl.java:77)
at java.base/jdk.internal.reflect.DelegatingMethodAccessorImpl.invoke(DelegatingMethodAccessorImpl.java:43)
at java.base/java.lang.reflect.Method.invoke(Method.java:568)
at org.testng.internal.MethodInvocationHelper.invokeMethod(MethodInvocationHelper.java:133)
at org.testng.internal.TestInvoker.invokeMethod(TestInvoker.java:598)
at org.testng.internal.TestInvoker.invokeTestMethod(TestInvoker.java:173)
at org.testng.internal.MethodRunner.runInSequence(MethodRunner.java:46)
at org.testng.internal.TestInvoker$MethodInvocationAgent.invoke(TestInvoker.java:824)
at org.testng.internal.TestInvoker.invokeTestMethods(TestInvoker.java:146)
at org.testng.internal.TestMethodWorker.invokeTestMethods(TestMethodWorker.java:146)
at org.testng.internal.TestMethodWorker.run(TestMethodWorker.java:128)
at java.base/java.util.ArrayList.forEach(ArrayList.java:1511)
at org.testng.TestRunner.privateRun(TestRunner.java:794)
at org.testng.TestRunner.run(TestRunner.java:596)
at org.testng.SuiteRunner.runTest(SuiteRunner.java:377)
at org.testng.SuiteRunner.runSequentially(SuiteRunner.java:371)
at org.testng.SuiteRunner.privateRun(SuiteRunner.java:332)
at org.testng.SuiteRunner.run(SuiteRunner.java:276)
at org.testng.SuiteRunnerWorker.runSuite(SuiteRunnerWorker.java:53)
at org.testng.SuiteRunnerWorker.run(SuiteRunnerWorker.java:96)
at org.testng.TestNG.runSuitesSequentially(TestNG.java:1212)
at org.testng.TestNG.runSuitesLocally(TestNG.java:1134)
at org.testng.TestNG.runSuites(TestNG.java:1063)
at org.testng.TestNG.run(TestNG.java:1031)
at org.testng.remote.AbstractRemoteTestNG.run(AbstractRemoteTestNG.java:115)
at org.testng.remote.RemoteTestNG.initAndRun(RemoteTestNG.java:251)
at org.testng.remote.RemoteTestNG.main(RemoteTestNG.java:77)
Caused by: java.lang.ClassCastException: class com.google.common.collect.Maps$TransformedEntriesMap cannot be cast to class org.openqa.selenium.WebElement (com.google.common.collect.Maps$TransformedEntriesMap and org.openqa.selenium.WebElement are in unnamed module of loader 'app')
at org.openqa.selenium.remote.RemoteWebDriver.findElement(RemoteWebDriver.java:368)
... 33 more
]]>
    </failure>
  </testcase> <!-- LoginUnSS_not_valid_username -->
  <testcase classname="automation.testsuite.DucTran.loginTest" name="LoginUnSS_password_have_space_between" time="0.005">
    <failure type="org.openqa.selenium.WebDriverException" message="Returned value cannot be converted to WebElement: {stacktrace=Backtrace:
	GetHandleVerifier [0x010E8893+48451]
	(No symbol) [0x0107B8A1]
	(No symbol) [0x00F84F20]
	(No symbol) [0x00FA77AC]
	(No symbol) [0x00FCA1B6]
	(No symbol) [0x00FC6C2D]
	(No symbol) [0x00FC669A]
	(No symbol) [0x00F65301]
	(No symbol) [0x00F6570E]
	(No symbol) [0x00F65AEA]
	GetHandleVerifier [0x01348E3A+2540266]
	GetHandleVerifier [0x01388959+2801161]
	GetHandleVerifier [0x0138295C+2776588]
	GetHandleVerifier [0x01172280+612144]
	(No symbol) [0x01084F6C]
	(No symbol) [0x00F64F5A]
	(No symbol) [0x00F64959]
	GetHandleVerifier [0x013AFD7C+2961964]
	BaseThreadInitThunk [0x76306BA9+25]
	RtlGetFullPathName_UEx [0x779E8F9F+1215]
	RtlGetFullPathName_UEx [0x779E8F6D+1165]
, error=invalid session id, message=invalid session id}
Build info: version: &amp;apos;2.53.1&amp;apos;, revision: &amp;apos;a36b8b1cd5757287168e54b817830adce9b0158d&amp;apos;, time: &amp;apos;2016-06-30 19:26:09&amp;apos;
System info: host: &amp;apos;DESKTOP-HILIOM4&amp;apos;, ip: &amp;apos;192.168.0.110&amp;apos;, os.name: &amp;apos;Windows 11&amp;apos;, os.arch: &amp;apos;amd64&amp;apos;, os.version: &amp;apos;10.0&amp;apos;, java.version: &amp;apos;17.0.6&amp;apos;
Driver info: driver.version: RemoteWebDriver">
      <![CDATA[org.openqa.selenium.WebDriverException: Returned value cannot be converted to WebElement: {stacktrace=Backtrace:
GetHandleVerifier [0x010E8893+48451]
(No symbol) [0x0107B8A1]
(No symbol) [0x00F84F20]
(No symbol) [0x00FA77AC]
(No symbol) [0x00FCA1B6]
(No symbol) [0x00FC6C2D]
(No symbol) [0x00FC669A]
(No symbol) [0x00F65301]
(No symbol) [0x00F6570E]
(No symbol) [0x00F65AEA]
GetHandleVerifier [0x01348E3A+2540266]
GetHandleVerifier [0x01388959+2801161]
GetHandleVerifier [0x0138295C+2776588]
GetHandleVerifier [0x01172280+612144]
(No symbol) [0x01084F6C]
(No symbol) [0x00F64F5A]
(No symbol) [0x00F64959]
GetHandleVerifier [0x013AFD7C+2961964]
BaseThreadInitThunk [0x76306BA9+25]
RtlGetFullPathName_UEx [0x779E8F9F+1215]
RtlGetFullPathName_UEx [0x779E8F6D+1165]
, error=invalid session id, message=invalid session id}
Build info: version: '2.53.1', revision: 'a36b8b1cd5757287168e54b817830adce9b0158d', time: '2016-06-30 19:26:09'
System info: host: 'DESKTOP-HILIOM4', ip: '192.168.0.110', os.name: 'Windows 11', os.arch: 'amd64', os.version: '10.0', java.version: '17.0.6'
Driver info: driver.version: RemoteWebDriver
at org.openqa.selenium.remote.RemoteWebDriver.findElement(RemoteWebDriver.java:370)
at org.openqa.selenium.remote.RemoteWebDriver.findElementByXPath(RemoteWebDriver.java:500)
at org.openqa.selenium.By$ByXPath.findElement(By.java:361)
at org.openqa.selenium.remote.RemoteWebDriver.findElement(RemoteWebDriver.java:355)
at automation.pageLocatorDucTN.LoginPage.Login(LoginPage.java:31)
at automation.testsuite.DucTran.loginTest.LoginUnSS_password_have_space_between(loginTest.java:87)
at java.base/jdk.internal.reflect.NativeMethodAccessorImpl.invoke0(Native Method)
at java.base/jdk.internal.reflect.NativeMethodAccessorImpl.invoke(NativeMethodAccessorImpl.java:77)
at java.base/jdk.internal.reflect.DelegatingMethodAccessorImpl.invoke(DelegatingMethodAccessorImpl.java:43)
at java.base/java.lang.reflect.Method.invoke(Method.java:568)
at org.testng.internal.MethodInvocationHelper.invokeMethod(MethodInvocationHelper.java:133)
at org.testng.internal.TestInvoker.invokeMethod(TestInvoker.java:598)
at org.testng.internal.TestInvoker.invokeTestMethod(TestInvoker.java:173)
at org.testng.internal.MethodRunner.runInSequence(MethodRunner.java:46)
at org.testng.internal.TestInvoker$MethodInvocationAgent.invoke(TestInvoker.java:824)
at org.testng.internal.TestInvoker.invokeTestMethods(TestInvoker.java:146)
at org.testng.internal.TestMethodWorker.invokeTestMethods(TestMethodWorker.java:146)
at org.testng.internal.TestMethodWorker.run(TestMethodWorker.java:128)
at java.base/java.util.ArrayList.forEach(ArrayList.java:1511)
at org.testng.TestRunner.privateRun(TestRunner.java:794)
at org.testng.TestRunner.run(TestRunner.java:596)
at org.testng.SuiteRunner.runTest(SuiteRunner.java:377)
at org.testng.SuiteRunner.runSequentially(SuiteRunner.java:371)
at org.testng.SuiteRunner.privateRun(SuiteRunner.java:332)
at org.testng.SuiteRunner.run(SuiteRunner.java:276)
at org.testng.SuiteRunnerWorker.runSuite(SuiteRunnerWorker.java:53)
at org.testng.SuiteRunnerWorker.run(SuiteRunnerWorker.java:96)
at org.testng.TestNG.runSuitesSequentially(TestNG.java:1212)
at org.testng.TestNG.runSuitesLocally(TestNG.java:1134)
at org.testng.TestNG.runSuites(TestNG.java:1063)
at org.testng.TestNG.run(TestNG.java:1031)
at org.testng.remote.AbstractRemoteTestNG.run(AbstractRemoteTestNG.java:115)
at org.testng.remote.RemoteTestNG.initAndRun(RemoteTestNG.java:251)
at org.testng.remote.RemoteTestNG.main(RemoteTestNG.java:77)
Caused by: java.lang.ClassCastException: class com.google.common.collect.Maps$TransformedEntriesMap cannot be cast to class org.openqa.selenium.WebElement (com.google.common.collect.Maps$TransformedEntriesMap and org.openqa.selenium.WebElement are in unnamed module of loader 'app')
at org.openqa.selenium.remote.RemoteWebDriver.findElement(RemoteWebDriver.java:368)
... 33 more
]]>
    </failure>
  </testcase> <!-- LoginUnSS_password_have_space_between -->
  <testcase classname="automation.testsuite.DucTran.loginTest" name="LoginUnSS_password_is_Blank" time="0.005">
    <failure type="org.openqa.selenium.WebDriverException" message="Returned value cannot be converted to WebElement: {stacktrace=Backtrace:
	GetHandleVerifier [0x010E8893+48451]
	(No symbol) [0x0107B8A1]
	(No symbol) [0x00F84F20]
	(No symbol) [0x00FA77AC]
	(No symbol) [0x00FCA1B6]
	(No symbol) [0x00FC6C2D]
	(No symbol) [0x00FC669A]
	(No symbol) [0x00F65301]
	(No symbol) [0x00F6570E]
	(No symbol) [0x00F65AEA]
	GetHandleVerifier [0x01348E3A+2540266]
	GetHandleVerifier [0x01388959+2801161]
	GetHandleVerifier [0x0138295C+2776588]
	GetHandleVerifier [0x01172280+612144]
	(No symbol) [0x01084F6C]
	(No symbol) [0x00F64F5A]
	(No symbol) [0x00F64959]
	GetHandleVerifier [0x013AFD7C+2961964]
	BaseThreadInitThunk [0x76306BA9+25]
	RtlGetFullPathName_UEx [0x779E8F9F+1215]
	RtlGetFullPathName_UEx [0x779E8F6D+1165]
, error=invalid session id, message=invalid session id}
Build info: version: &amp;apos;2.53.1&amp;apos;, revision: &amp;apos;a36b8b1cd5757287168e54b817830adce9b0158d&amp;apos;, time: &amp;apos;2016-06-30 19:26:09&amp;apos;
System info: host: &amp;apos;DESKTOP-HILIOM4&amp;apos;, ip: &amp;apos;192.168.0.110&amp;apos;, os.name: &amp;apos;Windows 11&amp;apos;, os.arch: &amp;apos;amd64&amp;apos;, os.version: &amp;apos;10.0&amp;apos;, java.version: &amp;apos;17.0.6&amp;apos;
Driver info: driver.version: RemoteWebDriver">
      <![CDATA[org.openqa.selenium.WebDriverException: Returned value cannot be converted to WebElement: {stacktrace=Backtrace:
GetHandleVerifier [0x010E8893+48451]
(No symbol) [0x0107B8A1]
(No symbol) [0x00F84F20]
(No symbol) [0x00FA77AC]
(No symbol) [0x00FCA1B6]
(No symbol) [0x00FC6C2D]
(No symbol) [0x00FC669A]
(No symbol) [0x00F65301]
(No symbol) [0x00F6570E]
(No symbol) [0x00F65AEA]
GetHandleVerifier [0x01348E3A+2540266]
GetHandleVerifier [0x01388959+2801161]
GetHandleVerifier [0x0138295C+2776588]
GetHandleVerifier [0x01172280+612144]
(No symbol) [0x01084F6C]
(No symbol) [0x00F64F5A]
(No symbol) [0x00F64959]
GetHandleVerifier [0x013AFD7C+2961964]
BaseThreadInitThunk [0x76306BA9+25]
RtlGetFullPathName_UEx [0x779E8F9F+1215]
RtlGetFullPathName_UEx [0x779E8F6D+1165]
, error=invalid session id, message=invalid session id}
Build info: version: '2.53.1', revision: 'a36b8b1cd5757287168e54b817830adce9b0158d', time: '2016-06-30 19:26:09'
System info: host: 'DESKTOP-HILIOM4', ip: '192.168.0.110', os.name: 'Windows 11', os.arch: 'amd64', os.version: '10.0', java.version: '17.0.6'
Driver info: driver.version: RemoteWebDriver
at org.openqa.selenium.remote.RemoteWebDriver.findElement(RemoteWebDriver.java:370)
at org.openqa.selenium.remote.RemoteWebDriver.findElementByXPath(RemoteWebDriver.java:500)
at org.openqa.selenium.By$ByXPath.findElement(By.java:361)
at org.openqa.selenium.remote.RemoteWebDriver.findElement(RemoteWebDriver.java:355)
at automation.pageLocatorDucTN.LoginPage.Login(LoginPage.java:31)
at automation.testsuite.DucTran.loginTest.LoginUnSS_password_is_Blank(loginTest.java:79)
at java.base/jdk.internal.reflect.NativeMethodAccessorImpl.invoke0(Native Method)
at java.base/jdk.internal.reflect.NativeMethodAccessorImpl.invoke(NativeMethodAccessorImpl.java:77)
at java.base/jdk.internal.reflect.DelegatingMethodAccessorImpl.invoke(DelegatingMethodAccessorImpl.java:43)
at java.base/java.lang.reflect.Method.invoke(Method.java:568)
at org.testng.internal.MethodInvocationHelper.invokeMethod(MethodInvocationHelper.java:133)
at org.testng.internal.TestInvoker.invokeMethod(TestInvoker.java:598)
at org.testng.internal.TestInvoker.invokeTestMethod(TestInvoker.java:173)
at org.testng.internal.MethodRunner.runInSequence(MethodRunner.java:46)
at org.testng.internal.TestInvoker$MethodInvocationAgent.invoke(TestInvoker.java:824)
at org.testng.internal.TestInvoker.invokeTestMethods(TestInvoker.java:146)
at org.testng.internal.TestMethodWorker.invokeTestMethods(TestMethodWorker.java:146)
at org.testng.internal.TestMethodWorker.run(TestMethodWorker.java:128)
at java.base/java.util.ArrayList.forEach(ArrayList.java:1511)
at org.testng.TestRunner.privateRun(TestRunner.java:794)
at org.testng.TestRunner.run(TestRunner.java:596)
at org.testng.SuiteRunner.runTest(SuiteRunner.java:377)
at org.testng.SuiteRunner.runSequentially(SuiteRunner.java:371)
at org.testng.SuiteRunner.privateRun(SuiteRunner.java:332)
at org.testng.SuiteRunner.run(SuiteRunner.java:276)
at org.testng.SuiteRunnerWorker.runSuite(SuiteRunnerWorker.java:53)
at org.testng.SuiteRunnerWorker.run(SuiteRunnerWorker.java:96)
at org.testng.TestNG.runSuitesSequentially(TestNG.java:1212)
at org.testng.TestNG.runSuitesLocally(TestNG.java:1134)
at org.testng.TestNG.runSuites(TestNG.java:1063)
at org.testng.TestNG.run(TestNG.java:1031)
at org.testng.remote.AbstractRemoteTestNG.run(AbstractRemoteTestNG.java:115)
at org.testng.remote.RemoteTestNG.initAndRun(RemoteTestNG.java:251)
at org.testng.remote.RemoteTestNG.main(RemoteTestNG.java:77)
Caused by: java.lang.ClassCastException: class com.google.common.collect.Maps$TransformedEntriesMap cannot be cast to class org.openqa.selenium.WebElement (com.google.common.collect.Maps$TransformedEntriesMap and org.openqa.selenium.WebElement are in unnamed module of loader 'app')
at org.openqa.selenium.remote.RemoteWebDriver.findElement(RemoteWebDriver.java:368)
... 33 more
]]>
    </failure>
  </testcase> <!-- LoginUnSS_password_is_Blank -->
  <testcase classname="automation.testsuite.DucTran.loginTest" name="LoginUnSS_username_have_space_between" time="0.005">
    <failure type="org.openqa.selenium.WebDriverException" message="Returned value cannot be converted to WebElement: {stacktrace=Backtrace:
	GetHandleVerifier [0x010E8893+48451]
	(No symbol) [0x0107B8A1]
	(No symbol) [0x00F84F20]
	(No symbol) [0x00FA77AC]
	(No symbol) [0x00FCA1B6]
	(No symbol) [0x00FC6C2D]
	(No symbol) [0x00FC669A]
	(No symbol) [0x00F65301]
	(No symbol) [0x00F6570E]
	(No symbol) [0x00F65AEA]
	GetHandleVerifier [0x01348E3A+2540266]
	GetHandleVerifier [0x01388959+2801161]
	GetHandleVerifier [0x0138295C+2776588]
	GetHandleVerifier [0x01172280+612144]
	(No symbol) [0x01084F6C]
	(No symbol) [0x00F64F5A]
	(No symbol) [0x00F64959]
	GetHandleVerifier [0x013AFD7C+2961964]
	BaseThreadInitThunk [0x76306BA9+25]
	RtlGetFullPathName_UEx [0x779E8F9F+1215]
	RtlGetFullPathName_UEx [0x779E8F6D+1165]
, error=invalid session id, message=invalid session id}
Build info: version: &amp;apos;2.53.1&amp;apos;, revision: &amp;apos;a36b8b1cd5757287168e54b817830adce9b0158d&amp;apos;, time: &amp;apos;2016-06-30 19:26:09&amp;apos;
System info: host: &amp;apos;DESKTOP-HILIOM4&amp;apos;, ip: &amp;apos;192.168.0.110&amp;apos;, os.name: &amp;apos;Windows 11&amp;apos;, os.arch: &amp;apos;amd64&amp;apos;, os.version: &amp;apos;10.0&amp;apos;, java.version: &amp;apos;17.0.6&amp;apos;
Driver info: driver.version: RemoteWebDriver">
      <![CDATA[org.openqa.selenium.WebDriverException: Returned value cannot be converted to WebElement: {stacktrace=Backtrace:
GetHandleVerifier [0x010E8893+48451]
(No symbol) [0x0107B8A1]
(No symbol) [0x00F84F20]
(No symbol) [0x00FA77AC]
(No symbol) [0x00FCA1B6]
(No symbol) [0x00FC6C2D]
(No symbol) [0x00FC669A]
(No symbol) [0x00F65301]
(No symbol) [0x00F6570E]
(No symbol) [0x00F65AEA]
GetHandleVerifier [0x01348E3A+2540266]
GetHandleVerifier [0x01388959+2801161]
GetHandleVerifier [0x0138295C+2776588]
GetHandleVerifier [0x01172280+612144]
(No symbol) [0x01084F6C]
(No symbol) [0x00F64F5A]
(No symbol) [0x00F64959]
GetHandleVerifier [0x013AFD7C+2961964]
BaseThreadInitThunk [0x76306BA9+25]
RtlGetFullPathName_UEx [0x779E8F9F+1215]
RtlGetFullPathName_UEx [0x779E8F6D+1165]
, error=invalid session id, message=invalid session id}
Build info: version: '2.53.1', revision: 'a36b8b1cd5757287168e54b817830adce9b0158d', time: '2016-06-30 19:26:09'
System info: host: 'DESKTOP-HILIOM4', ip: '192.168.0.110', os.name: 'Windows 11', os.arch: 'amd64', os.version: '10.0', java.version: '17.0.6'
Driver info: driver.version: RemoteWebDriver
at org.openqa.selenium.remote.RemoteWebDriver.findElement(RemoteWebDriver.java:370)
at org.openqa.selenium.remote.RemoteWebDriver.findElementByXPath(RemoteWebDriver.java:500)
at org.openqa.selenium.By$ByXPath.findElement(By.java:361)
at org.openqa.selenium.remote.RemoteWebDriver.findElement(RemoteWebDriver.java:355)
at automation.pageLocatorDucTN.LoginPage.Login(LoginPage.java:31)
at automation.testsuite.DucTran.loginTest.LoginUnSS_username_have_space_between(loginTest.java:64)
at java.base/jdk.internal.reflect.NativeMethodAccessorImpl.invoke0(Native Method)
at java.base/jdk.internal.reflect.NativeMethodAccessorImpl.invoke(NativeMethodAccessorImpl.java:77)
at java.base/jdk.internal.reflect.DelegatingMethodAccessorImpl.invoke(DelegatingMethodAccessorImpl.java:43)
at java.base/java.lang.reflect.Method.invoke(Method.java:568)
at org.testng.internal.MethodInvocationHelper.invokeMethod(MethodInvocationHelper.java:133)
at org.testng.internal.TestInvoker.invokeMethod(TestInvoker.java:598)
at org.testng.internal.TestInvoker.invokeTestMethod(TestInvoker.java:173)
at org.testng.internal.MethodRunner.runInSequence(MethodRunner.java:46)
at org.testng.internal.TestInvoker$MethodInvocationAgent.invoke(TestInvoker.java:824)
at org.testng.internal.TestInvoker.invokeTestMethods(TestInvoker.java:146)
at org.testng.internal.TestMethodWorker.invokeTestMethods(TestMethodWorker.java:146)
at org.testng.internal.TestMethodWorker.run(TestMethodWorker.java:128)
at java.base/java.util.ArrayList.forEach(ArrayList.java:1511)
at org.testng.TestRunner.privateRun(TestRunner.java:794)
at org.testng.TestRunner.run(TestRunner.java:596)
at org.testng.SuiteRunner.runTest(SuiteRunner.java:377)
at org.testng.SuiteRunner.runSequentially(SuiteRunner.java:371)
at org.testng.SuiteRunner.privateRun(SuiteRunner.java:332)
at org.testng.SuiteRunner.run(SuiteRunner.java:276)
at org.testng.SuiteRunnerWorker.runSuite(SuiteRunnerWorker.java:53)
at org.testng.SuiteRunnerWorker.run(SuiteRunnerWorker.java:96)
at org.testng.TestNG.runSuitesSequentially(TestNG.java:1212)
at org.testng.TestNG.runSuitesLocally(TestNG.java:1134)
at org.testng.TestNG.runSuites(TestNG.java:1063)
at org.testng.TestNG.run(TestNG.java:1031)
at org.testng.remote.AbstractRemoteTestNG.run(AbstractRemoteTestNG.java:115)
at org.testng.remote.RemoteTestNG.initAndRun(RemoteTestNG.java:251)
at org.testng.remote.RemoteTestNG.main(RemoteTestNG.java:77)
Caused by: java.lang.ClassCastException: class com.google.common.collect.Maps$TransformedEntriesMap cannot be cast to class org.openqa.selenium.WebElement (com.google.common.collect.Maps$TransformedEntriesMap and org.openqa.selenium.WebElement are in unnamed module of loader 'app')
at org.openqa.selenium.remote.RemoteWebDriver.findElement(RemoteWebDriver.java:368)
... 33 more
]]>
    </failure>
  </testcase> <!-- LoginUnSS_username_have_space_between -->
  <testcase classname="automation.testsuite.DucTran.loginTest" name="LoginUnSS_username_is_Blank" time="0.004">
    <failure type="org.openqa.selenium.WebDriverException" message="Returned value cannot be converted to WebElement: {stacktrace=Backtrace:
	GetHandleVerifier [0x010E8893+48451]
	(No symbol) [0x0107B8A1]
	(No symbol) [0x00F84F20]
	(No symbol) [0x00FA77AC]
	(No symbol) [0x00FCA1B6]
	(No symbol) [0x00FC6C2D]
	(No symbol) [0x00FC669A]
	(No symbol) [0x00F65301]
	(No symbol) [0x00F6570E]
	(No symbol) [0x00F65AEA]
	GetHandleVerifier [0x01348E3A+2540266]
	GetHandleVerifier [0x01388959+2801161]
	GetHandleVerifier [0x0138295C+2776588]
	GetHandleVerifier [0x01172280+612144]
	(No symbol) [0x01084F6C]
	(No symbol) [0x00F64F5A]
	(No symbol) [0x00F64959]
	GetHandleVerifier [0x013AFD7C+2961964]
	BaseThreadInitThunk [0x76306BA9+25]
	RtlGetFullPathName_UEx [0x779E8F9F+1215]
	RtlGetFullPathName_UEx [0x779E8F6D+1165]
, error=invalid session id, message=invalid session id}
Build info: version: &amp;apos;2.53.1&amp;apos;, revision: &amp;apos;a36b8b1cd5757287168e54b817830adce9b0158d&amp;apos;, time: &amp;apos;2016-06-30 19:26:09&amp;apos;
System info: host: &amp;apos;DESKTOP-HILIOM4&amp;apos;, ip: &amp;apos;192.168.0.110&amp;apos;, os.name: &amp;apos;Windows 11&amp;apos;, os.arch: &amp;apos;amd64&amp;apos;, os.version: &amp;apos;10.0&amp;apos;, java.version: &amp;apos;17.0.6&amp;apos;
Driver info: driver.version: RemoteWebDriver">
      <![CDATA[org.openqa.selenium.WebDriverException: Returned value cannot be converted to WebElement: {stacktrace=Backtrace:
GetHandleVerifier [0x010E8893+48451]
(No symbol) [0x0107B8A1]
(No symbol) [0x00F84F20]
(No symbol) [0x00FA77AC]
(No symbol) [0x00FCA1B6]
(No symbol) [0x00FC6C2D]
(No symbol) [0x00FC669A]
(No symbol) [0x00F65301]
(No symbol) [0x00F6570E]
(No symbol) [0x00F65AEA]
GetHandleVerifier [0x01348E3A+2540266]
GetHandleVerifier [0x01388959+2801161]
GetHandleVerifier [0x0138295C+2776588]
GetHandleVerifier [0x01172280+612144]
(No symbol) [0x01084F6C]
(No symbol) [0x00F64F5A]
(No symbol) [0x00F64959]
GetHandleVerifier [0x013AFD7C+2961964]
BaseThreadInitThunk [0x76306BA9+25]
RtlGetFullPathName_UEx [0x779E8F9F+1215]
RtlGetFullPathName_UEx [0x779E8F6D+1165]
, error=invalid session id, message=invalid session id}
Build info: version: '2.53.1', revision: 'a36b8b1cd5757287168e54b817830adce9b0158d', time: '2016-06-30 19:26:09'
System info: host: 'DESKTOP-HILIOM4', ip: '192.168.0.110', os.name: 'Windows 11', os.arch: 'amd64', os.version: '10.0', java.version: '17.0.6'
Driver info: driver.version: RemoteWebDriver
at org.openqa.selenium.remote.RemoteWebDriver.findElement(RemoteWebDriver.java:370)
at org.openqa.selenium.remote.RemoteWebDriver.findElementByXPath(RemoteWebDriver.java:500)
at org.openqa.selenium.By$ByXPath.findElement(By.java:361)
at org.openqa.selenium.remote.RemoteWebDriver.findElement(RemoteWebDriver.java:355)
at automation.pageLocatorDucTN.LoginPage.Login(LoginPage.java:31)
at automation.testsuite.DucTran.loginTest.LoginUnSS_username_is_Blank(loginTest.java:55)
at java.base/jdk.internal.reflect.NativeMethodAccessorImpl.invoke0(Native Method)
at java.base/jdk.internal.reflect.NativeMethodAccessorImpl.invoke(NativeMethodAccessorImpl.java:77)
at java.base/jdk.internal.reflect.DelegatingMethodAccessorImpl.invoke(DelegatingMethodAccessorImpl.java:43)
at java.base/java.lang.reflect.Method.invoke(Method.java:568)
at org.testng.internal.MethodInvocationHelper.invokeMethod(MethodInvocationHelper.java:133)
at org.testng.internal.TestInvoker.invokeMethod(TestInvoker.java:598)
at org.testng.internal.TestInvoker.invokeTestMethod(TestInvoker.java:173)
at org.testng.internal.MethodRunner.runInSequence(MethodRunner.java:46)
at org.testng.internal.TestInvoker$MethodInvocationAgent.invoke(TestInvoker.java:824)
at org.testng.internal.TestInvoker.invokeTestMethods(TestInvoker.java:146)
at org.testng.internal.TestMethodWorker.invokeTestMethods(TestMethodWorker.java:146)
at org.testng.internal.TestMethodWorker.run(TestMethodWorker.java:128)
at java.base/java.util.ArrayList.forEach(ArrayList.java:1511)
at org.testng.TestRunner.privateRun(TestRunner.java:794)
at org.testng.TestRunner.run(TestRunner.java:596)
at org.testng.SuiteRunner.runTest(SuiteRunner.java:377)
at org.testng.SuiteRunner.runSequentially(SuiteRunner.java:371)
at org.testng.SuiteRunner.privateRun(SuiteRunner.java:332)
at org.testng.SuiteRunner.run(SuiteRunner.java:276)
at org.testng.SuiteRunnerWorker.runSuite(SuiteRunnerWorker.java:53)
at org.testng.SuiteRunnerWorker.run(SuiteRunnerWorker.java:96)
at org.testng.TestNG.runSuitesSequentially(TestNG.java:1212)
at org.testng.TestNG.runSuitesLocally(TestNG.java:1134)
at org.testng.TestNG.runSuites(TestNG.java:1063)
at org.testng.TestNG.run(TestNG.java:1031)
at org.testng.remote.AbstractRemoteTestNG.run(AbstractRemoteTestNG.java:115)
at org.testng.remote.RemoteTestNG.initAndRun(RemoteTestNG.java:251)
at org.testng.remote.RemoteTestNG.main(RemoteTestNG.java:77)
Caused by: java.lang.ClassCastException: class com.google.common.collect.Maps$TransformedEntriesMap cannot be cast to class org.openqa.selenium.WebElement (com.google.common.collect.Maps$TransformedEntriesMap and org.openqa.selenium.WebElement are in unnamed module of loader 'app')
at org.openqa.selenium.remote.RemoteWebDriver.findElement(RemoteWebDriver.java:368)
... 33 more
]]>
    </failure>
  </testcase> <!-- LoginUnSS_username_is_Blank -->
</testsuite> <!-- Default test -->
